2024-07-18T09:55:43.598+09:00  INFO 8420 --- [FinalProject] [restartedMain] c.finalproject.FinalProjectApplication   : Starting FinalProjectApplication using Java 17.0.11 with PID 8420 (C:\Users\user1\Desktop\FinalProject\target\classes started by user1 in C:\Users\user1\Desktop\FinalProject)
2024-07-18T09:55:43.603+09:00 DEBUG 8420 --- [FinalProject] [restartedMain] c.finalproject.FinalProjectApplication   : Running with Spring Boot v3.2.7, Spring v6.1.10
2024-07-18T09:55:43.605+09:00  INFO 8420 --- [FinalProject] [restartedMain] c.finalproject.FinalProjectApplication   : No active profile set, falling back to 1 default profile: "default"
2024-07-18T09:55:43.660+09:00  INFO 8420 --- [FinalProject] [restartedMain] o.s.b.devtools.restart.ChangeableUrls    : The Class-Path manifest attribute in C:\Users\user1\.m2\repository\com\oracle\database\jdbc\ojdbc11\21.9.0.0\ojdbc11-21.9.0.0.jar referenced one or more files that do not exist: file:/C:/Users/user1/.m2/repository/com/oracle/database/jdbc/ojdbc11/21.9.0.0/oraclepki.jar
2024-07-18T09:55:43.660+09:00  INFO 8420 --- [FinalProject] [restartedMain] .e.DevToolsPropertyDefaultsPostProcessor : Devtools property defaults active! Set 'spring.devtools.add-properties' to 'false' to disable
2024-07-18T09:55:43.660+09:00  INFO 8420 --- [FinalProject] [restartedMain] .e.DevToolsPropertyDefaultsPostProcessor : For additional web related logging consider setting the 'logging.level.web' property to 'DEBUG'
2024-07-18T09:55:44.568+09:00  INFO 8420 --- [FinalProject] [restartedMain] o.s.b.w.embedded.tomcat.TomcatWebServer  : Tomcat initialized with port 9999 (http)
2024-07-18T09:55:44.579+09:00  INFO 8420 --- [FinalProject] [restartedMain] o.apache.catalina.core.StandardService   : Starting service [Tomcat]
2024-07-18T09:55:44.579+09:00  INFO 8420 --- [FinalProject] [restartedMain] o.apache.catalina.core.StandardEngine    : Starting Servlet engine: [Apache Tomcat/10.1.25]
2024-07-18T09:55:44.623+09:00  INFO 8420 --- [FinalProject] [restartedMain] o.a.c.c.C.[Tomcat].[localhost].[/]       : Initializing Spring embedded WebApplicationContext
2024-07-18T09:55:44.623+09:00  INFO 8420 --- [FinalProject] [restartedMain] w.s.c.ServletWebServerApplicationContext : Root WebApplicationContext: initialization completed in 963 ms
2024-07-18T09:55:45.138+09:00  WARN 8420 --- [FinalProject] [restartedMain] ion$DefaultTemplateResolverConfiguration : Cannot find template location: classpath:/templates/ (please add some templates, check your Thymeleaf configuration, or set spring.thymeleaf.check-template-location=false)
2024-07-18T09:55:45.220+09:00  INFO 8420 --- [FinalProject] [restartedMain] o.s.b.d.a.OptionalLiveReloadServer       : LiveReload server is running on port 35729
2024-07-18T09:55:45.252+09:00  INFO 8420 --- [FinalProject] [restartedMain] o.s.b.w.embedded.tomcat.TomcatWebServer  : Tomcat started on port 9999 (http) with context path ''
2024-07-18T09:55:45.260+09:00  INFO 8420 --- [FinalProject] [restartedMain] c.finalproject.FinalProjectApplication   : Started FinalProjectApplication in 2.04 seconds (process running for 2.675)
2024-07-18T10:13:00.398+09:00  INFO 8420 --- [FinalProject] [http-nio-9999-exec-1] o.a.c.c.C.[Tomcat].[localhost].[/]       : Initializing Spring DispatcherServlet 'dispatcherServlet'
2024-07-18T10:13:00.398+09:00  INFO 8420 --- [FinalProject] [http-nio-9999-exec-1] o.s.web.servlet.DispatcherServlet        : Initializing Servlet 'dispatcherServlet'
2024-07-18T10:13:00.399+09:00  INFO 8420 --- [FinalProject] [http-nio-9999-exec-1] o.s.web.servlet.DispatcherServlet        : Completed initialization in 1 ms
2024-07-18T10:13:00.494+09:00  INFO 8420 --- [FinalProject] [http-nio-9999-exec-2] com.zaxxer.hikari.HikariDataSource       : HikariPool-1 - Starting...
2024-07-18T10:13:00.700+09:00  INFO 8420 --- [FinalProject] [http-nio-9999-exec-2] com.zaxxer.hikari.pool.HikariPool        : HikariPool-1 - Added connection oracle.jdbc.driver.T4CConnection@fb8ac03
2024-07-18T10:13:00.702+09:00  INFO 8420 --- [FinalProject] [http-nio-9999-exec-2] com.zaxxer.hikari.HikariDataSource       : HikariPool-1 - Start completed.
2024-07-18T10:13:00.709+09:00 DEBUG 8420 --- [FinalProject] [http-nio-9999-exec-2] c.f.mapper.InquiryMapper.insertInquiry   : ==>  Preparing: INSERT INTO inquiries (user_id, title, message, created_at) VALUES (?, ?, ?, SYSTIMESTAMP)
2024-07-18T10:13:00.788+09:00 DEBUG 8420 --- [FinalProject] [http-nio-9999-exec-2] c.f.mapper.InquiryMapper.insertInquiry   : ==> Parameters: USER_ID(String), 안녕(String), ㅇㅇ(String)
2024-07-18T10:41:02.094+09:00  INFO 8420 --- [FinalProject] [File Watcher] rtingClassPathChangeChangedEventListener : Restarting due to 3 class path changes (3 additions, 0 deletions, 0 modifications)
2024-07-18T10:41:02.207+09:00  INFO 8420 --- [FinalProject] [Thread-5] com.zaxxer.hikari.HikariDataSource       : HikariPool-1 - Shutdown initiated...
2024-07-18T10:41:02.216+09:00  INFO 8420 --- [FinalProject] [Thread-5] com.zaxxer.hikari.HikariDataSource       : HikariPool-1 - Shutdown completed.
2024-07-18T10:41:02.278+09:00  INFO 8420 --- [FinalProject] [restartedMain] c.finalproject.FinalProjectApplication   : Starting FinalProjectApplication using Java 17.0.11 with PID 8420 (C:\Users\user1\Desktop\FinalProject\target\classes started by user1 in C:\Users\user1\Desktop\FinalProject)
2024-07-18T10:41:02.278+09:00 DEBUG 8420 --- [FinalProject] [restartedMain] c.finalproject.FinalProjectApplication   : Running with Spring Boot v3.2.7, Spring v6.1.10
2024-07-18T10:41:02.278+09:00  INFO 8420 --- [FinalProject] [restartedMain] c.finalproject.FinalProjectApplication   : No active profile set, falling back to 1 default profile: "default"
2024-07-18T10:41:02.478+09:00  INFO 8420 --- [FinalProject] [restartedMain] o.s.b.w.embedded.tomcat.TomcatWebServer  : Tomcat initialized with port 9999 (http)
2024-07-18T10:41:02.479+09:00  INFO 8420 --- [FinalProject] [restartedMain] o.apache.catalina.core.StandardService   : Starting service [Tomcat]
2024-07-18T10:41:02.479+09:00  INFO 8420 --- [FinalProject] [restartedMain] o.apache.catalina.core.StandardEngine    : Starting Servlet engine: [Apache Tomcat/10.1.25]
2024-07-18T10:41:02.493+09:00  INFO 8420 --- [FinalProject] [restartedMain] o.a.c.c.C.[Tomcat].[localhost].[/]       : Initializing Spring embedded WebApplicationContext
2024-07-18T10:41:02.493+09:00  INFO 8420 --- [FinalProject] [restartedMain] w.s.c.ServletWebServerApplicationContext : Root WebApplicationContext: initialization completed in 212 ms
2024-07-18T10:41:02.501+09:00  WARN 8420 --- [FinalProject] [restartedMain] ConfigServletWebServerApplicationContext : Exception encountered during context initialization - cancelling refresh attempt: org.springframework.beans.factory.BeanCreationException: Error creating bean with name 'boardController': Lookup method resolution failed
2024-07-18T10:41:02.502+09:00  INFO 8420 --- [FinalProject] [restartedMain] o.apache.catalina.core.StandardService   : Stopping service [Tomcat]
2024-07-18T10:41:02.509+09:00  INFO 8420 --- [FinalProject] [restartedMain] .s.b.a.l.ConditionEvaluationReportLogger : 

Error starting ApplicationContext. To display the condition evaluation report re-run your application with 'debug' enabled.
2024-07-18T10:41:02.529+09:00 ERROR 8420 --- [FinalProject] [restartedMain] o.s.boot.SpringApplication               : Application run failed

org.springframework.beans.factory.BeanCreationException: Error creating bean with name 'boardController': Lookup method resolution failed
	at org.springframework.beans.factory.annotation.AutowiredAnnotationBeanPostProcessor.checkLookupMethods(AutowiredAnnotationBeanPostProcessor.java:497) ~[spring-beans-6.1.10.jar:6.1.10]
	at org.springframework.beans.factory.annotation.AutowiredAnnotationBeanPostProcessor.determineCandidateConstructors(AutowiredAnnotationBeanPostProcessor.java:367) ~[spring-beans-6.1.10.jar:6.1.10]
	at org.springframework.beans.factory.support.AbstractAutowireCapableBeanFactory.determineConstructorsFromBeanPostProcessors(AbstractAutowireCapableBeanFactory.java:1296) ~[spring-beans-6.1.10.jar:6.1.10]
	at org.springframework.beans.factory.support.AbstractAutowireCapableBeanFactory.createBeanInstance(AbstractAutowireCapableBeanFactory.java:1191) ~[spring-beans-6.1.10.jar:6.1.10]
	at org.springframework.beans.factory.support.AbstractAutowireCapableBeanFactory.doCreateBean(AbstractAutowireCapableBeanFactory.java:562) ~[spring-beans-6.1.10.jar:6.1.10]
	at org.springframework.beans.factory.support.AbstractAutowireCapableBeanFactory.createBean(AbstractAutowireCapableBeanFactory.java:522) ~[spring-beans-6.1.10.jar:6.1.10]
	at org.springframework.beans.factory.support.AbstractBeanFactory.lambda$doGetBean$0(AbstractBeanFactory.java:337) ~[spring-beans-6.1.10.jar:6.1.10]
	at org.springframework.beans.factory.support.DefaultSingletonBeanRegistry.getSingleton(DefaultSingletonBeanRegistry.java:234) ~[spring-beans-6.1.10.jar:6.1.10]
	at org.springframework.beans.factory.support.AbstractBeanFactory.doGetBean(AbstractBeanFactory.java:335) ~[spring-beans-6.1.10.jar:6.1.10]
	at org.springframework.beans.factory.support.AbstractBeanFactory.getBean(AbstractBeanFactory.java:200) ~[spring-beans-6.1.10.jar:6.1.10]
	at org.springframework.beans.factory.support.DefaultListableBeanFactory.preInstantiateSingletons(DefaultListableBeanFactory.java:975) ~[spring-beans-6.1.10.jar:6.1.10]
	at org.springframework.context.support.AbstractApplicationContext.finishBeanFactoryInitialization(AbstractApplicationContext.java:962) ~[spring-context-6.1.10.jar:6.1.10]
	at org.springframework.context.support.AbstractApplicationContext.refresh(AbstractApplicationContext.java:624) ~[spring-context-6.1.10.jar:6.1.10]
	at org.springframework.boot.web.servlet.context.ServletWebServerApplicationContext.refresh(ServletWebServerApplicationContext.java:146) ~[spring-boot-3.2.7.jar:3.2.7]
	at org.springframework.boot.SpringApplication.refresh(SpringApplication.java:754) ~[spring-boot-3.2.7.jar:3.2.7]
	at org.springframework.boot.SpringApplication.refreshContext(SpringApplication.java:456) ~[spring-boot-3.2.7.jar:3.2.7]
	at org.springframework.boot.SpringApplication.run(SpringApplication.java:335) ~[spring-boot-3.2.7.jar:3.2.7]
	at org.springframework.boot.SpringApplication.run(SpringApplication.java:1363) ~[spring-boot-3.2.7.jar:3.2.7]
	at org.springframework.boot.SpringApplication.run(SpringApplication.java:1352) ~[spring-boot-3.2.7.jar:3.2.7]
	at com.finalproject.FinalProjectApplication.main(FinalProjectApplication.java:10) ~[classes/:na]
	at java.base/jdk.internal.reflect.NativeMethodAccessorImpl.invoke0(Native Method) ~[na:na]
	at java.base/jdk.internal.reflect.NativeMethodAccessorImpl.invoke(NativeMethodAccessorImpl.java:77) ~[na:na]
	at java.base/jdk.internal.reflect.DelegatingMethodAccessorImpl.invoke(DelegatingMethodAccessorImpl.java:43) ~[na:na]
	at java.base/java.lang.reflect.Method.invoke(Method.java:568) ~[na:na]
	at org.springframework.boot.devtools.restart.RestartLauncher.run(RestartLauncher.java:50) ~[spring-boot-devtools-3.2.7.jar:3.2.7]
Caused by: java.lang.IllegalStateException: Failed to introspect Class [com.finalproject.controller.BoardController] from ClassLoader [org.springframework.boot.devtools.restart.classloader.RestartClassLoader@51db4eea]
	at org.springframework.util.ReflectionUtils.getDeclaredMethods(ReflectionUtils.java:483) ~[spring-core-6.1.10.jar:6.1.10]
	at org.springframework.util.ReflectionUtils.doWithLocalMethods(ReflectionUtils.java:320) ~[spring-core-6.1.10.jar:6.1.10]
	at org.springframework.beans.factory.annotation.AutowiredAnnotationBeanPostProcessor.checkLookupMethods(AutowiredAnnotationBeanPostProcessor.java:475) ~[spring-beans-6.1.10.jar:6.1.10]
	... 24 common frames omitted
Caused by: java.lang.NoClassDefFoundError: BoardCommentDTO
	at java.base/java.lang.Class.getDeclaredMethods0(Native Method) ~[na:na]
	at java.base/java.lang.Class.privateGetDeclaredMethods(Class.java:3402) ~[na:na]
	at java.base/java.lang.Class.getDeclaredMethods(Class.java:2504) ~[na:na]
	at org.springframework.util.ReflectionUtils.getDeclaredMethods(ReflectionUtils.java:465) ~[spring-core-6.1.10.jar:6.1.10]
	... 26 common frames omitted
Caused by: java.lang.ClassNotFoundException: BoardCommentDTO
	at java.base/jdk.internal.loader.BuiltinClassLoader.loadClass(BuiltinClassLoader.java:641) ~[na:na]
	at java.base/jdk.internal.loader.ClassLoaders$AppClassLoader.loadClass(ClassLoaders.java:188) ~[na:na]
	at java.base/java.lang.ClassLoader.loadClass(ClassLoader.java:525) ~[na:na]
	at java.base/java.lang.Class.forName0(Native Method) ~[na:na]
	at java.base/java.lang.Class.forName(Class.java:467) ~[na:na]
	at org.springframework.boot.devtools.restart.classloader.RestartClassLoader.loadClass(RestartClassLoader.java:121) ~[spring-boot-devtools-3.2.7.jar:3.2.7]
	at java.base/java.lang.ClassLoader.loadClass(ClassLoader.java:525) ~[na:na]
	... 30 common frames omitted

